Traceback (most recent call last):
  File "/home/runner/miniconda3/envs/ogzaf-dev/lib/python3.12/site-packages/jupyter_cache/executors/utils.py", line 58, in single_nb_execution
    executenb(
  File "/home/runner/miniconda3/envs/ogzaf-dev/lib/python3.12/site-packages/nbclient/client.py", line 1319, in execute
    return NotebookClient(nb=nb, resources=resources, km=km, **kwargs).execute()
           ^^^^^^^^^^^^^^^^^^^^^^^^^^^^^^^^^^^^^^^^^^^^^^^^^^^^^^^^^^^^^^^^^^^^^
  File "/home/runner/miniconda3/envs/ogzaf-dev/lib/python3.12/site-packages/jupyter_core/utils/__init__.py", line 165, in wrapped
    return loop.run_until_complete(inner)
           ^^^^^^^^^^^^^^^^^^^^^^^^^^^^^^
  File "/home/runner/miniconda3/envs/ogzaf-dev/lib/python3.12/asyncio/base_events.py", line 691, in run_until_complete
    return future.result()
           ^^^^^^^^^^^^^^^
  File "/home/runner/miniconda3/envs/ogzaf-dev/lib/python3.12/site-packages/nbclient/client.py", line 709, in async_execute
    await self.async_execute_cell(
  File "/home/runner/miniconda3/envs/ogzaf-dev/lib/python3.12/site-packages/nbclient/client.py", line 1062, in async_execute_cell
    await self._check_raise_for_error(cell, cell_index, exec_reply)
  File "/home/runner/miniconda3/envs/ogzaf-dev/lib/python3.12/site-packages/nbclient/client.py", line 918, in _check_raise_for_error
    raise CellExecutionError.from_cell_and_msg(cell, exec_reply_content)
nbclient.exceptions.CellExecutionError: An error occurred while executing the following cell:
------------------
# read in output from health ins simulation
base_params = safe_read_pickle(
    os.path.join(
        sim_path, "OUTPUT_BASELINE", "model_params.pkl"
        )
    )
base_tpi = safe_read_pickle(
    os.path.join(
        sim_path, "OUTPUT_BASELINE", "TPI", "TPI_vars.pkl"
        )
    )
reform_params = safe_read_pickle(
    os.path.join(
        sim_path, "OUTPUT_REFORM", "model_params.pkl"
        )
    )
reform_tpi = safe_read_pickle(
    os.path.join(
        sim_path, "OUTPUT_REFORM", "TPI", "TPI_vars.pkl"
        )
    )

------------------


[31m---------------------------------------------------------------------------[39m
[31mFileNotFoundError[39m                         Traceback (most recent call last)
[36mCell[39m[36m [39m[32mIn[3][39m[32m, line 2[39m
[32m      1[39m [38;5;66;03m# read in output from health ins simulation[39;00m
[32m----> [39m[32m2[39m base_params = [43msafe_read_pickle[49m[43m([49m
[32m      3[39m [43m    [49m[43mos[49m[43m.[49m[43mpath[49m[43m.[49m[43mjoin[49m[43m([49m
[32m      4[39m [43m        [49m[43msim_path[49m[43m,[49m[43m [49m[33;43m"[39;49m[33;43mOUTPUT_BASELINE[39;49m[33;43m"[39;49m[43m,[49m[43m [49m[33;43m"[39;49m[33;43mmodel_params.pkl[39;49m[33;43m"[39;49m
[32m      5[39m [43m        [49m[43m)[49m
[32m      6[39m [43m    [49m[43m)[49m
[32m      7[39m base_tpi = safe_read_pickle(
[32m      8[39m     os.path.join(
[32m      9[39m         sim_path, [33m"[39m[33mOUTPUT_BASELINE[39m[33m"[39m, [33m"[39m[33mTPI[39m[33m"[39m, [33m"[39m[33mTPI_vars.pkl[39m[33m"[39m
[32m     10[39m         )
[32m     11[39m     )
[32m     12[39m reform_params = safe_read_pickle(
[32m     13[39m     os.path.join(
[32m     14[39m         sim_path, [33m"[39m[33mOUTPUT_REFORM[39m[33m"[39m, [33m"[39m[33mmodel_params.pkl[39m[33m"[39m
[32m     15[39m         )
[32m     16[39m     )

[36mFile [39m[32m~/miniconda3/envs/ogzaf-dev/lib/python3.12/site-packages/ogcore/utils.py:372[39m, in [36msafe_read_pickle[39m[34m(file_path)[39m
[32m    361[39m [38;5;28;01mdef[39;00m[38;5;250m [39m[34msafe_read_pickle[39m(file_path):
[32m    362[39m [38;5;250m    [39m[33;03m"""[39;00m
[32m    363[39m [33;03m    This function reads a pickle from Python 2 into Python 2 or Python 3[39;00m
[32m    364[39m 
[32m   (...)[39m[32m    370[39m 
[32m    371[39m [33;03m    """[39;00m
[32m--> [39m[32m372[39m     [38;5;28;01mwith[39;00m [38;5;28;43mopen[39;49m[43m([49m[43mfile_path[49m[43m,[49m[43m [49m[33;43m"[39;49m[33;43mrb[39;49m[33;43m"[39;49m[43m)[49m [38;5;28;01mas[39;00m f:
[32m    373[39m         [38;5;28;01mtry[39;00m:
[32m    374[39m             obj = pickle.load(f, encoding=[33m"[39m[33mlatin1[39m[33m"[39m)

[31mFileNotFoundError[39m: [Errno 2] No such file or directory: '/home/runner/work/OG-ZAF/OG-ZAF/docs/book/content/UNtutorial/materials/PrevReformsNotebooks/notebooks/OG-PHL-UBI-WEALTH/OUTPUT_BASELINE/model_params.pkl'

